2017-02-05 15:18:50 Error: [Cake\Routing\Exception\MissingControllerException] Controller class PhpStorm52635cbe531e48beA066Cfd50f63e472.php could not be found.
Exception Attributes: array (
  'class' => 'PhpStorm52635cbe531e48beA066Cfd50f63e472.php',
  'plugin' => false,
  'prefix' => false,
  '_ext' => false,
)
Request URL: /PhpStorm-52635cbe-531e-48be-a066-cfd50f63e472.php
Stack Trace:
#0 C:\wamp\www\istanbul-obg\vendor\cakephp\cakephp\src\Http\ControllerFactory.php(67): Cake\Http\ControllerFactory->missingController(Object(Cake\Network\Request))
#1 C:\wamp\www\istanbul-obg\vendor\cakephp\cakephp\src\Http\ActionDispatcher.php(92): Cake\Http\ControllerFactory->create(Object(Cake\Network\Request), Object(Cake\Network\Response))
#2 C:\wamp\www\istanbul-obg\vendor\cakephp\cakephp\src\Http\BaseApplication.php(83): Cake\Http\ActionDispatcher->dispatch(Object(Cake\Network\Request), Object(Cake\Network\Response))
#3 C:\wamp\www\istanbul-obg\vendor\cakephp\cakephp\src\Http\Runner.php(65): Cake\Http\BaseApplication->__invoke(Object(Zend\Diactoros\ServerRequest), Object(Zend\Diactoros\Response), Object(Cake\Http\Runner))
#4 C:\wamp\www\istanbul-obg\vendor\cakephp\cakephp\src\Routing\Middleware\RoutingMiddleware.php(62): Cake\Http\Runner->__invoke(Object(Zend\Diactoros\ServerRequest), Object(Zend\Diactoros\Response))
#5 C:\wamp\www\istanbul-obg\vendor\cakephp\cakephp\src\Http\Runner.php(65): Cake\Routing\Middleware\RoutingMiddleware->__invoke(Object(Zend\Diactoros\ServerRequest), Object(Zend\Diactoros\Response), Object(Cake\Http\Runner))
#6 C:\wamp\www\istanbul-obg\vendor\cakephp\cakephp\src\Routing\Middleware\AssetMiddleware.php(93): Cake\Http\Runner->__invoke(Object(Zend\Diactoros\ServerRequest), Object(Zend\Diactoros\Response))
#7 C:\wamp\www\istanbul-obg\vendor\cakephp\cakephp\src\Http\Runner.php(65): Cake\Routing\Middleware\AssetMiddleware->__invoke(Object(Zend\Diactoros\ServerRequest), Object(Zend\Diactoros\Response), Object(Cake\Http\Runner))
#8 C:\wamp\www\istanbul-obg\vendor\cakephp\cakephp\src\Error\Middleware\ErrorHandlerMiddleware.php(81): Cake\Http\Runner->__invoke(Object(Zend\Diactoros\ServerRequest), Object(Zend\Diactoros\Response))
#9 C:\wamp\www\istanbul-obg\vendor\cakephp\cakephp\src\Http\Runner.php(65): Cake\Error\Middleware\ErrorHandlerMiddleware->__invoke(Object(Zend\Diactoros\ServerRequest), Object(Zend\Diactoros\Response), Object(Cake\Http\Runner))
#10 C:\wamp\www\istanbul-obg\vendor\cakephp\cakephp\src\Http\Runner.php(51): Cake\Http\Runner->__invoke(Object(Zend\Diactoros\ServerRequest), Object(Zend\Diactoros\Response))
#11 C:\wamp\www\istanbul-obg\vendor\cakephp\cakephp\src\Http\Server.php(90): Cake\Http\Runner->run(Object(Cake\Http\MiddlewareQueue), Object(Zend\Diactoros\ServerRequest), Object(Zend\Diactoros\Response))
#12 C:\wamp\www\istanbul-obg\webroot\index.php(37): Cake\Http\Server->run()
#13 {main}


